 Time:    72.7393500000000     
 Time:    72.2140080000000     
 Time:    68.0903240000000     
 Time:    61.2374569999999     
 Time:    60.6950490000000     
 Time:    60.0262950000000     
 Time:    59.9722940000000     
 Time:    58.5638790000000     
 Time:    59.9160549999999     
 Time:    60.3047020000000     
 Time:    60.1463310000000     
 Time:    60.3359540000000     
 Time:    60.1848830000000     
 Time:    65.8118980000000     


    New RHO = 5.0000D-01     Number of function values =    14
    Least value of F =  2.438212899274497D-01         The corresponding X is:
    -3.178054D+00  -5.651486D+00   1.386294D+00   1.386294D+00   8.472979D-01
    -4.595120D+00
 Time:    62.4826680000000     
 Time:    60.7691649999999     
 Time:    60.8401320000000     
 Time:    60.3555739999999     
 Time:    59.7549660000002     
 Time:    60.0852149999998     
 Time:    59.9356260000000     
 Time:    59.7850979999998     
 Time:    59.9112090000001     
 Time:    59.9123750000001     
 Time:    59.8229750000000     
 Time:    59.2579229999999     
 Time:    59.6550660000000     
 Time:    59.7081140000000     
 Time:    59.7399780000001     
 Time:    59.6503860000000     
 Time:    59.6733260000001     
 Time:    59.3063269999998     
 Time:    59.5411120000001     
 Time:    59.5220629999999     
 Time:    59.5507209999996     
 Time:    59.4393309999996     
 Time:    58.8938029999999     
 Time:    59.1051659999998     
 Time:    59.1619159999996     
 Time:    59.0750439999997     
 Time:    58.9737639999998     
 Time:    59.3514690000002     
 Time:    59.0385269999997     
 Time:    58.8739249999999     
 Time:    59.0314829999998     
 Time:    58.9202690000002     
 Time:    59.0419259999999     
 Time:    59.3945709999998     
 Time:    59.1145190000002     
 Time:    59.1854090000002     
 Time:    59.2058420000003     


    New RHO = 5.0000D-02     Number of function values =    51
    Least value of F =  4.111967471713199D-03         The corresponding X is:
    -3.461555D+00  -7.499672D+00   9.926960D-01   1.788160D+00  -1.209914D+00
    -6.046648D+00
 Time:    59.1477020000002     
 Time:    59.1094510000003     
 Time:    59.2259260000001     
 Time:    59.3174979999999     
 Time:    59.0179130000001     
 Time:    59.2443580000004     
 Time:    59.2184360000001     
 Time:    59.4282889999999     
 Time:    59.3507609999997     
 Time:    59.2547960000002     
 Time:    59.2452249999997     
 Time:    59.2035599999999     
 Time:    59.3775169999999     
 Time:    59.0867690000000     
 Time:    59.1298250000004     
 Time:    59.1836009999997     
 Time:    59.1625709999998     
 Time:    59.2310310000003     
 Time:    59.1856079999998     
 Time:    59.2249439999996     
 Time:    59.3444079999999     
 Time:    59.3011230000002     


    New RHO = 5.0000D-03     Number of function values =    73
    Least value of F =  3.737875992660112D-03         The corresponding X is:
    -3.459787D+00  -7.580072D+00   9.909527D-01   2.055515D+00  -1.213914D+00
    -6.064153D+00
 Time:    59.2555249999996     
 Time:    59.1636840000001     
 Time:    59.2600579999998     
 Time:    59.2444839999998     
 Time:    59.1519589999998     
 Time:    59.1732179999999     
 Time:    59.5000110000001     
 Time:    59.7025549999998     
 Time:    59.2129379999997     
 Time:    59.1492539999999     
 Time:    59.1884010000003     
 Time:    59.1361560000005     
 Time:    59.2197390000001     
 Time:    59.1096929999994     
 Time:    59.1993549999997     
 Time:    59.0194529999999     
 Time:    59.2461839999996     
 Time:    59.1886020000002     
 Time:    59.3652319999992     
 Time:    59.2251559999995     


    New RHO = 7.0711D-04     Number of function values =    93
    Least value of F =  3.719662480865238D-03         The corresponding X is:
    -3.460542D+00  -7.584089D+00   9.931819D-01   2.061801D+00  -1.215025D+00
    -6.063270D+00
 Time:    59.2628019999993     
 Time:    59.2892000000002     
 Time:    59.2996009999997     
 Time:    59.1057510000001     
 Time:    59.2492549999997     
 Time:    59.1955760000001     
 Time:    59.2952869999999     
 Time:    59.3383329999997     
 Time:    59.1885979999997     
 Time:    59.2682590000004     
 Time:    59.2617749999999     
 Time:    59.1412389999996     
 Time:    59.2794169999997     
 Time:    59.2803970000004     
 Time:    59.2631050000000     


    New RHO = 1.0000D-04     Number of function values =   108
    Least value of F =  3.712808171557776D-03         The corresponding X is:
    -3.461081D+00  -7.583516D+00   9.943467D-01   2.062426D+00  -1.214865D+00
    -6.063463D+00
 Time:    59.2687230000001     
 Time:    59.2753240000002     
 Time:    59.2722369999992     
 Time:    59.3127550000008     
 Time:    59.1154059999999     
 Time:    59.2446629999995     
 Time:    59.1846260000002     
 Time:    59.2648060000001     
 Time:    59.3112609999998     
 Time:    59.3693839999996     
 Time:    59.2513879999997     
 Time:    59.2071530000003     
 Time:    59.3135450000000     
 Time:    59.2378049999998     

    At the return from NEWUOA     Number of function values =   122
    Least value of F =  3.711601469780521D-03         The corresponding X is:
    -3.461121D+00  -7.583343D+00   9.942116D-01   2.062262D+00  -1.214704D+00
    -6.063634D+00
 IterOpt=         114
 Time:    59.3589149999998     
 Time:    68.4370479999998     
 Time:    61.2406929999997     
 Time:    59.3168000000005     
 Time:    59.2559910000000     
 Time:    59.2368559999995     
 Time:    59.1630940000005     
 Time:    58.2382570000000     
 Time:    59.2742090000002     
 Time:    59.1078760000000     
 Time:    59.3370869999999     
 Time:    59.1757739999994     
 Time:    59.2829050000000     
 Time:    59.1968360000001     


    New RHO = 5.0000D-01     Number of function values =    14
    Least value of F =  3.711601469780521D-03         The corresponding X is:
    -3.461121D+00  -7.583343D+00   9.942116D-01   2.062262D+00  -1.214704D+00
    -6.063634D+00
 Time:    59.1435649999985     
 Time:    59.7545599999994     
 Time:    59.2401380000010     
 Time:    59.3316839999989     
 Time:    59.2930749999996     
 Time:    59.2270330000010     
 Time:    59.2436629999993     
 Time:    59.2761940000000     
 Time:    59.1941989999996     
 Time:    59.2056040000007     
 Time:    58.8562659999989     
 Time:    59.2573839999986     
 Time:    59.2857999999997     


    New RHO = 5.0000D-02     Number of function values =    27
    Least value of F =  3.711601469780521D-03         The corresponding X is:
    -3.461121D+00  -7.583343D+00   9.942116D-01   2.062262D+00  -1.214704D+00
    -6.063634D+00
 Time:    59.2627240000002     
 Time:    59.2302450000007     
 Time:    59.2462180000002     
 Time:    59.1527310000001     
 Time:    59.2378900000003     
 Time:    59.2128290000001     
 Time:    59.2313850000010     
 Time:    59.3265389999997     
 Time:    59.2905979999996     
 Time:    59.2715090000002     
 Time:    59.2318090000008     
 Time:    59.1638510000012     
 Time:    59.4057169999996     
 Time:    59.1954990000013     
 Time:    59.2870990000010     


    New RHO = 5.0000D-03     Number of function values =    42
    Least value of F =  3.711601469780521D-03         The corresponding X is:
    -3.461121D+00  -7.583343D+00   9.942116D-01   2.062262D+00  -1.214704D+00
    -6.063634D+00
 Time:    59.3074479999996     
 Time:    59.2287729999989     
 Time:    59.3368129999999     
 Time:    59.2612370000006     
 Time:    59.2387970000000     
 Time:    59.1715189999995     
 Time:    59.2974940000004     
 Time:    59.2287569999990     
 Time:    59.2451619999993     
 Time:    59.1899919999996     
 Time:    59.2388439999995     
 Time:    59.1778159999994     
 Time:    59.2586580000007     
 Time:    59.0934509999988     
 Time:    61.6962440000007     


    New RHO = 7.0711D-04     Number of function values =    57
    Least value of F =  3.711601469780521D-03         The corresponding X is:
    -3.461121D+00  -7.583343D+00   9.942116D-01   2.062262D+00  -1.214704D+00
    -6.063634D+00
 Time:    59.2302020000006     
 Time:    59.2595920000003     
 Time:    59.2052810000005     
 Time:    59.2405789999993     
 Time:    59.2419219999992     
 Time:    59.1509470000001     
 Time:    59.2112369999995     
 Time:    59.2440010000009     
 Time:    59.3038039999992     
 Time:    59.2881020000004     
 Time:    59.2516009999999     
 Time:    59.2701820000002     
 Time:    59.2874489999995     


    New RHO = 1.0000D-04     Number of function values =    70
    Least value of F =  3.711601469780521D-03         The corresponding X is:
    -3.461121D+00  -7.583343D+00   9.942116D-01   2.062262D+00  -1.214704D+00
    -6.063634D+00
 Time:    59.8356499999991     
 Time:    59.0870039999991     
 Time:    61.5322500000002     
 Time:    60.6685549999984     
 Time:    59.3630659999999     
 Time:    59.3674510000001     
 Time:    59.2584860000006     
 Time:    59.1838410000000     
 Time:    61.8477430000003     
 Time:    59.3997410000011     
 Time:    59.2991380000003     
 Time:    59.2188499999993     
 Time:    59.2393010000014     

    At the return from NEWUOA     Number of function values =    83
    Least value of F =  3.711559896650043D-03         The corresponding X is:
    -3.461117D+00  -7.583364D+00   9.942276D-01   2.062219D+00  -1.214663D+00
    -6.063710D+00
 IterOpt=          80
 Time:    59.3080840000002     
 Time:    68.3786040000014     
 Time:    61.1797390000011     
 Time:    59.0253589999993     
 Time:    59.2843659999999     
 Time:    59.1275070000011     
 Time:    59.2175389999993     
 Time:    58.2585429999999     
 Time:    59.2652490000000     
 Time:    59.1106239999990     
 Time:    59.3064009999998     
 Time:    59.0509739999998     
 Time:    59.3080300000001     
 Time:    59.2078139999994     


    New RHO = 5.0000D-01     Number of function values =    14
    Least value of F =  3.711559896650043D-03         The corresponding X is:
    -3.461117D+00  -7.583364D+00   9.942276D-01   2.062219D+00  -1.214663D+00
    -6.063710D+00
 Time:    59.2962220000009     
 Time:    59.7733829999997     
 Time:    59.3423949999997     
 Time:    59.3300070000005     
 Time:    59.2633440000009     
 Time:    59.2365989999998     
 Time:    59.3527329999997     
 Time:    59.3148770000007     
 Time:    59.3765260000000     
 Time:    59.3120399999989     
 Time:    58.9203730000008     
 Time:    59.4059799999995     
 Time:    59.3058770000007     


    New RHO = 5.0000D-02     Number of function values =    27
    Least value of F =  3.711559896650043D-03         The corresponding X is:
    -3.461117D+00  -7.583364D+00   9.942276D-01   2.062219D+00  -1.214663D+00
    -6.063710D+00
 Time:    59.2270490000010     
 Time:    59.2309569999998     
 Time:    59.3398230000003     
 Time:    59.2356060000002     
 Time:    59.2938270000013     
 Time:    59.2536809999983     
 Time:    59.2952530000002     
 Time:    59.3885070000015     
 Time:    59.3104829999993     
 Time:    61.4703680000002     
 Time:    58.4880739999990     
 Time:    58.5291189999989     
 Time:    58.4919879999998     
 Time:    58.4853180000009     
 Time:    58.4956829999992     


    New RHO = 5.0000D-03     Number of function values =    42
    Least value of F =  3.711559896650043D-03         The corresponding X is:
    -3.461117D+00  -7.583364D+00   9.942276D-01   2.062219D+00  -1.214663D+00
    -6.063710D+00
 Time:    58.4654040000005     
 Time:    58.5159810000005     
 Time:    58.3241210000015     
 Time:    58.6003899999996     
 Time:    58.5390129999996     
 Time:    58.4678150000000     
 Time:    58.5007310000001     
 Time:    58.5142880000003     
 Time:    58.5226560000010     
 Time:    59.0144749999999     
 Time:    61.0252940000009     
 Time:    59.0149039999997     
 Time:    58.4996599999995     
 Time:    58.8337879999999     
 Time:    58.5014139999985     


    New RHO = 7.0711D-04     Number of function values =    57
    Least value of F =  3.711559896650043D-03         The corresponding X is:
    -3.461117D+00  -7.583364D+00   9.942276D-01   2.062219D+00  -1.214663D+00
    -6.063710D+00
 Time:    58.4881810000006     
 Time:    58.4396770000003     
 Time:    58.4991140000002     
 Time:    58.3582990000014     
 Time:    58.5517260000015     
 Time:    58.4853800000001     
 Time:    58.4956079999993     
 Time:    58.4646610000000     
 Time:    58.5193909999998     
 Time:    58.5206030000008     
 Time:    58.4798489999994     
 Time:    58.3771509999988     
 Time:    58.5158799999990     


    New RHO = 1.0000D-04     Number of function values =    70
    Least value of F =  3.711559896650043D-03         The corresponding X is:
    -3.461117D+00  -7.583364D+00   9.942276D-01   2.062219D+00  -1.214663D+00
    -6.063710D+00
 Time:    58.4945829999997     
 Time:    58.6468430000023     
 Time:    58.4185319999997     
 Time:    58.4592180000000     
 Time:    58.4912540000005     
 Time:    58.3979169999984     
 Time:    58.9286829999983     
 Time:    58.4006220000010     
 Time:    58.3213289999985     
 Time:    58.2347350000018     
 Time:    58.3619440000002     
 Time:    58.3110240000024     
 Time:    58.3244909999994     

    At the return from NEWUOA     Number of function values =    83
    Least value of F =  3.711461174265845D-03         The corresponding X is:
    -3.461119D+00  -7.583349D+00   9.942375D-01   2.062258D+00  -1.214696D+00
    -6.063626D+00
 IterOpt=          74
slurmstepd: error: *** JOB 1477084 ON n4 CANCELLED AT 2019-07-22T15:18:19 DUE TO TIME LIMIT ***
forrtl: error (78): process killed (SIGTERM)
Image              PC                Routine            Line        Source             
Main               000000000043E314  Unknown               Unknown  Unknown
libpthread-2.17.s  00002B5123C896D0  Unknown               Unknown  Unknown
libpthread-2.17.s  00002B5123C8879D  write                 Unknown  Unknown
Main               000000000044DB4C  Unknown               Unknown  Unknown
Main               000000000044EA64  Unknown               Unknown  Unknown
Main               00000000004663F8  Unknown               Unknown  Unknown
Main               00000000004651E0  Unknown               Unknown  Unknown
Main               0000000000409916  Unknown               Unknown  Unknown
Main               0000000000435E03  Unknown               Unknown  Unknown
Main               0000000000435E6E  Unknown               Unknown  Unknown
Main               0000000000404E62  Unknown               Unknown  Unknown
libc-2.17.so       00002B5123EB8445  __libc_start_main     Unknown  Unknown
Main               0000000000404D69  Unknown               Unknown  Unknown
