 Time:   0.503325000000000     
 Time:   0.225934000000000     
 Time:   0.214211000000000     
 Time:   0.178638000000000     
 Time:   0.176666000000000     
 Time:   0.175789000000000     
 Time:   0.175509000000000     
 Time:   0.200822000000000     
 Time:   0.178915000000000     
 Time:   0.175918000000000     
 Time:   0.175247000000000     
 Time:   0.175233000000000     
 Time:   0.175789000000000     
 Time:   0.207864000000000     


    New RHO = 5.0000D-01     Number of function values =    14
    Least value of F =  1.726973346932802D-01         The corresponding X is:
    -3.178054D+00  -5.651486D+00   1.386294D+00   1.386294D+00   8.472979D-01
    -4.595120D+00
 Time:   0.197670000000000     
 Time:   0.177310000000000     
 Time:   0.178305000000000     
 Time:   0.176267999999999     
 Time:   0.177822000000001     
 Time:   0.178000000000000     
 Time:   0.177554000000000     
 Time:   0.176736000000000     
 Time:   0.176176999999999     
 Time:   0.177086000000000     
 Time:   0.176428000000000     
 Time:   0.174184000000000     
 Time:   0.176267000000000     
 Time:   0.175845000000000     
 Time:   0.176380000000000     
 Time:   0.177424999999999     
 Time:   0.176304000000000     
 Time:   0.176829000000001     
 Time:   0.176222999999999     
 Time:   0.179088000000000     
 Time:   0.177427000000000     
 Time:   0.178090000000000     
 Time:   0.176439000000000     
 Time:   0.177531999999999     
 Time:   0.175915000000000     
 Time:   0.175318000000001     
 Time:   0.176614000000001     
 Time:   0.175697000000000     
 Time:   0.176646000000000     
 Time:   0.177274000000001     
 Time:   0.176556999999999     


    New RHO = 5.0000D-02     Number of function values =    45
    Least value of F =  6.325120439515614D-03         The corresponding X is:
    -2.971452D+00  -5.093523D+00   1.701166D+00  -2.536412D-01   1.945125D+00
    -7.027351D+00
 Time:   0.176418000000000     
 Time:   0.177039000000001     
 Time:   0.176235999999999     
 Time:   0.176530000000000     
 Time:   0.176425000000000     
 Time:   0.176759000000001     
 Time:   0.176333000000001     
 Time:   0.175880999999999     
 Time:   0.176086000000002     
 Time:   0.177434000000000     
 Time:   0.175913000000000     
 Time:   0.176836000000000     
 Time:   0.176137000000001     
 Time:   0.175534000000001     
 Time:   0.177405000000000     


    New RHO = 5.0000D-03     Number of function values =    60
    Least value of F =  6.325120439515614D-03         The corresponding X is:
    -2.971452D+00  -5.093523D+00   1.701166D+00  -2.536412D-01   1.945125D+00
    -7.027351D+00
 Time:   0.175730000000000     
 Time:   0.176228999999999     
 Time:   0.176555000000000     
 Time:   0.177035000000000     
 Time:   0.176803999999999     
 Time:   0.175979000000000     
 Time:   0.175756000000000     
 Time:   0.176956000000001     
 Time:   0.177157000000001     
 Time:   0.176658000000000     
 Time:   0.176287000000000     
 Time:   0.176841000000000     
 Time:   0.175585999999999     
 Time:   0.175820000000000     
 Time:   0.219640000000000     


    New RHO = 7.0711D-04     Number of function values =    75
    Least value of F =  5.923817549029912D-03         The corresponding X is:
    -2.968004D+00  -5.100256D+00   1.700425D+00  -2.537313D-01   1.943464D+00
    -7.027310D+00
 Time:   0.182606999999999     
 Time:   0.176897000000000     
 Time:   0.176188000000000     
 Time:   0.176206000000001     
 Time:   0.176880000000001     
 Time:   0.177095000000000     
 Time:   0.175913000000000     
 Time:   0.175884999999999     
 Time:   0.176556000000001     
 Time:   0.177154000000002     
 Time:   0.176002000000000     
 Time:   0.176945000000000     
 Time:   0.175674000000001     
 Time:   0.176603000000000     
 Time:   0.176435999999999     
 Time:   0.175632000000000     
 Time:   0.176428999999999     
 Time:   0.176093999999999     


    New RHO = 1.0000D-04     Number of function values =    93
    Least value of F =  5.836261044997183D-03         The corresponding X is:
    -2.968635D+00  -5.100455D+00   1.701113D+00  -2.535551D-01   1.944809D+00
    -7.027266D+00
 Time:   0.176085000000000     
 Time:   0.176985999999999     
 Time:   0.175753999999998     
 Time:   0.176489999999998     
 Time:   0.176835000000001     
 Time:   0.176307999999999     
 Time:   0.175523999999999     
 Time:   0.175770000000000     
 Time:   0.177446000000000     
 Time:   0.175605000000001     
 Time:   0.176098000000000     
 Time:   0.175906999999999     
 Time:   0.176843000000002     
 Time:   0.176171000000000     
 Time:   0.176181000000000     
 Time:   0.176255000000001     
 Time:   0.176316000000000     
 Time:   0.175967000000000     
 Time:   0.176492000000003     
 Time:   0.175555000000003     
 Time:   0.175944999999999     
 Time:   0.177063999999998     
 Time:   0.176128000000002     
 Time:   0.176015000000000     
 Time:   0.176083999999999     
 Time:   0.177322000000000     
 Time:   0.175590000000000     
 Time:   0.176058000000001     
 Time:   0.175979999999999     
 Time:   0.176801999999999     
 Time:   0.176924000000000     
 Time:   0.176045999999999     
 Time:   0.175557999999999     
 Time:   0.176541000000000     
 Time:   0.176617999999998     
 Time:   0.176677999999999     
 Time:   0.176165999999998     
 Time:   0.177219999999998     
 Time:   0.175583999999997     
 Time:   0.175872999999999     
 Time:   0.177059000000000     
 Time:   0.175688000000001     
 Time:   0.177609000000000     
 Time:   0.176176999999999     
 Time:   0.175823999999999     
 Time:   0.176523000000000     
 Time:   0.177339000000000     
 Time:   0.176458000000000     
 Time:   0.176208000000003     
 Time:   0.176309000000000     
 Time:   0.176805000000002     
 Time:   0.176202000000000     
 Time:   0.176781000000002     
 Time:   0.175310000000000     
 Time:   0.177021999999997     

    At the return from NEWUOA     Number of function values =   148
    Least value of F =  5.820843528026880D-03         The corresponding X is:
    -2.968504D+00  -5.100221D+00   1.701037D+00  -2.525305D-01   1.945049D+00
    -7.026776D+00
 IterOpt=         143
 Time:   0.176302000000000     
 Time:   0.221964000000000     
 Time:   0.221730999999998     
 Time:   0.180184000000001     
 Time:   0.176734000000000     
 Time:   0.177164999999999     
 Time:   0.176553999999999     
 Time:   0.169684000000000     
 Time:   0.176110000000001     
 Time:   0.175677000000000     
 Time:   0.175571000000001     
 Time:   0.176604999999999     
 Time:   0.177230999999999     


    New RHO = 5.0000D-01     Number of function values =    13
    Least value of F =  5.820843528026880D-03         The corresponding X is:
    -2.968504D+00  -5.100221D+00   1.701037D+00  -2.525305D-01   1.945049D+00
    -7.026776D+00
 Time:   0.175771000000001     
 Time:   0.180392999999999     
 Time:   0.176618000000001     
 Time:   0.177503999999999     
 Time:   0.175613000000002     
 Time:   0.176260000000003     
 Time:   0.176818999999998     
 Time:   0.176773999999998     
 Time:   0.176368000000000     
 Time:   0.174291999999998     
 Time:   0.176366999999999     
 Time:   0.176404999999999     
 Time:   0.176969999999997     


    New RHO = 5.0000D-02     Number of function values =    26
    Least value of F =  5.820843528026880D-03         The corresponding X is:
    -2.968504D+00  -5.100221D+00   1.701037D+00  -2.525305D-01   1.945049D+00
    -7.026776D+00
 Time:   0.493495000000003     
 Time:   0.186442999999997     
 Time:   0.178275000000006     
 Time:   0.178733999999999     
 Time:   0.177938999999995     
 Time:   0.177911999999999     
 Time:   0.177542000000003     
 Time:   0.178592999999999     
 Time:   0.177324000000006     
 Time:   0.178578999999999     
 Time:   0.176777999999999     
 Time:   0.178756000000000     
 Time:   0.177755999999995     
 Time:   0.177240000000005     
 Time:   0.177391000000000     


    New RHO = 5.0000D-03     Number of function values =    41
    Least value of F =  5.820843528026880D-03         The corresponding X is:
    -2.968504D+00  -5.100221D+00   1.701037D+00  -2.525305D-01   1.945049D+00
    -7.026776D+00
 Time:   0.177603000000005     
 Time:   0.178420000000003     
 Time:   0.177341999999996     
 Time:   0.177509000000001     
 Time:   0.177154000000002     
 Time:   0.178712000000004     
 Time:   0.177163000000000     
 Time:   0.177709000000000     
 Time:   0.177326000000001     
 Time:   0.178489000000006     
 Time:   0.177536999999994     
 Time:   0.177568999999998     
 Time:   0.177278999999999     
 Time:   0.178408000000005     
 Time:   0.177496999999995     


    New RHO = 7.0711D-04     Number of function values =    56
    Least value of F =  5.786399464983646D-03         The corresponding X is:
    -2.968893D+00  -5.100297D+00   1.700437D+00  -2.476226D-01   1.945528D+00
    -7.027184D+00
 Time:   0.177735999999996     
 Time:   0.177602999999998     
 Time:   0.178167999999999     
 Time:   0.177289000000002     
 Time:   0.177470999999997     
 Time:   0.176610000000004     
 Time:   0.177824999999999     
 Time:   0.177500999999999     
 Time:   0.177435000000003     
 Time:   0.177051000000006     
 Time:   0.177219999999998     
 Time:   0.178547999999999     
 Time:   0.177148000000003     
 Time:   0.177565000000001     
 Time:   0.177371000000001     
 Time:   0.178049000000001     
 Time:   0.177176000000003     
 Time:   0.177168999999999     
 Time:   0.176893000000000     
 Time:   0.178035999999999     
 Time:   0.177489999999999     


    New RHO = 1.0000D-04     Number of function values =    77
    Least value of F =  5.754600892065861D-03         The corresponding X is:
    -2.968700D+00  -5.100008D+00   1.703085D+00  -2.480353D-01   1.944983D+00
    -7.026612D+00
 Time:   0.176968000000002     
 Time:   0.177437000000005     
 Time:   0.177482999999995     
 Time:   0.177675000000001     
 Time:   0.177307000000006     
 Time:   0.177185999999999     
 Time:   0.177605000000000     
 Time:   0.177363000000000     
 Time:   0.177367000000004     
 Time:   0.177278000000001     
 Time:   0.176590000000004     
 Time:   0.178668000000002     
 Time:   0.177008999999998     
 Time:   0.177599999999998     
 Time:   0.176972999999997     
 Time:   0.177591999999997     
 Time:   0.177670999999997     
 Time:   0.176774000000002     
 Time:   0.177978000000003     
 Time:   0.178280999999998     
 Time:   0.177508000000003     
 Time:   0.176624000000004     
 Time:   0.177218000000003     
 Time:   0.177277999999994     
 Time:   0.217739000000002     
 Time:   0.178241000000000     
 Time:   0.177554999999998     
 Time:   0.177307000000006     
 Time:   0.178702999999999     
 Time:   0.177827000000001     
 Time:   0.177882000000004     
 Time:   0.176844000000003     
 Time:   0.178378000000002     
 Time:   0.177167000000004     
 Time:   0.177585999999998     
 Time:   0.176825999999998     
 Time:   0.178523999999996     
 Time:   0.177365000000002     
 Time:   0.177963999999996     
 Time:   0.177396999999999     
 Time:   0.177388999999998     
 Time:   0.177698999999997     
 Time:   0.177910999999995     
 Time:   0.177221000000003     
 Time:   0.177114000000003     
 Time:   0.178472999999997     
 Time:   0.176904000000000     
 Time:   0.177505000000004     
 Time:   0.177512000000000     
 Time:   0.178758999999999     
 Time:   0.177879000000004     

    At the return from NEWUOA     Number of function values =   128
    Least value of F =  5.752516345986154D-03         The corresponding X is:
    -2.968526D+00  -5.100348D+00   1.703552D+00  -2.474987D-01   1.945266D+00
    -7.026792D+00
 IterOpt=         123
 Time:   0.179345000000005     
 Time:   0.219113999999998     
 Time:   0.217631000000004     
 Time:   0.179183999999999     
 Time:   0.177810000000001     
 Time:   0.177313999999996     
 Time:   0.178882000000002     
 Time:   0.168604999999999     
 Time:   0.176219000000003     
 Time:   0.175167999999999     
 Time:   0.177382000000001     
 Time:   0.178551000000006     
 Time:   0.176821000000004     


    New RHO = 5.0000D-01     Number of function values =    13
    Least value of F =  5.752516345986154D-03         The corresponding X is:
    -2.968526D+00  -5.100348D+00   1.703552D+00  -2.474987D-01   1.945266D+00
    -7.026792D+00
 Time:   0.177098999999998     
 Time:   0.181350000000002     
 Time:   0.178286000000000     
 Time:   0.177826000000003     
 Time:   0.177171999999999     
 Time:   0.177377999999997     
 Time:   0.176985999999999     
 Time:   0.174683000000002     
 Time:   0.178343999999996     
 Time:   0.176028000000002     
 Time:   0.178581000000001     
 Time:   0.176791999999999     
 Time:   0.177048999999997     


    New RHO = 5.0000D-02     Number of function values =    26
    Least value of F =  5.752516345986154D-03         The corresponding X is:
    -2.968526D+00  -5.100348D+00   1.703552D+00  -2.474987D-01   1.945266D+00
    -7.026792D+00
 Time:   0.177239000000000     
 Time:   0.177568000000001     
 Time:   0.177866000000002     
 Time:   0.178214999999994     
 Time:   0.175854999999999     
 Time:   0.177132000000000     
 Time:   0.178096000000004     
 Time:   0.176447000000003     
 Time:   0.177349000000000     
 Time:   0.177241000000002     
 Time:   0.178348000000000     
 Time:   0.177554000000001     
 Time:   0.177050000000001     
 Time:   0.177520000000001     
 Time:   0.177386999999996     


    New RHO = 5.0000D-03     Number of function values =    41
    Least value of F =  5.752516345986154D-03         The corresponding X is:
    -2.968526D+00  -5.100348D+00   1.703552D+00  -2.474987D-01   1.945266D+00
    -7.026792D+00
 Time:   0.176979000000003     
 Time:   0.177253000000000     
 Time:   0.177453000000000     
 Time:   0.178031000000004     
 Time:   0.177242000000000     
 Time:   0.177126999999999     
 Time:   0.178215999999999     
 Time:   0.176961999999996     
 Time:   0.178387000000001     
 Time:   0.176479000000000     
 Time:   0.177460000000004     
 Time:   0.177702000000004     
 Time:   0.178955999999999     
 Time:   0.177390000000003     
 Time:   0.177433000000001     


    New RHO = 7.0711D-04     Number of function values =    56
    Least value of F =  5.752516345986154D-03         The corresponding X is:
    -2.968526D+00  -5.100348D+00   1.703552D+00  -2.474987D-01   1.945266D+00
    -7.026792D+00
 Time:   0.176845000000000     
 Time:   0.178534999999997     
 Time:   0.177348000000002     
 Time:   0.177703999999999     
 Time:   0.177893999999995     
 Time:   0.179185999999994     
 Time:   0.176334999999995     
 Time:   0.177529999999997     
 Time:   0.177192000000005     
 Time:   0.176989999999996     
 Time:   0.177396999999999     
 Time:   0.177493999999996     
 Time:   0.177444000000001     


    New RHO = 1.0000D-04     Number of function values =    69
    Least value of F =  5.752516345986154D-03         The corresponding X is:
    -2.968526D+00  -5.100348D+00   1.703552D+00  -2.474987D-01   1.945266D+00
    -7.026792D+00
 Time:   0.177296000000005     
 Time:   0.177985999999997     
 Time:   0.177543000000000     
 Time:   0.176730000000006     
 Time:   0.195873999999989     
 Time:   0.178652999999997     
 Time:   0.178153000000009     
 Time:   0.177306999999999     
 Time:   0.177762999999999     
 Time:   0.178028999999995     
 Time:   0.177297999999993     
 Time:   0.177027999999993     
 Time:   0.177480000000003     
 Time:   0.178694000000007     
 Time:   0.177524000000005     

    At the return from NEWUOA     Number of function values =    84
    Least value of F =  5.752479846837330D-03         The corresponding X is:
    -2.968506D+00  -5.100389D+00   1.703570D+00  -2.474305D-01   1.945302D+00
    -7.026832D+00
 IterOpt=          76
