WARNING: Initial primal value x[3] is undefined.
         Skip initializing this variable.
WARNING: Initial primal value x[4] is undefined.
         Skip initializing this variable.
WARNING: Initial primal value x[5] is undefined.
         Skip initializing this variable.

=======================================
          Commercial License
         Artelys Knitro 11.1.0
=======================================

Time: 1.796063e+00
Knitro presolve eliminated 0 variables and 0 constraints.

algorithm:               4
opttol:                  0.0001
scale:                   0
The problem is identified as unconstrained least-squares.
Knitro changing act_qpalg from AUTO to 1.
Knitro changing linesearch from AUTO to 2.
Knitro changing linsolver from AUTO to 4.
Time: 5.409100e-02
Time: 5.406200e-02
Time: 5.405700e-02
Time: 5.406600e-02
Time: 5.407100e-02
Time: 5.405700e-02
Time: 5.407200e-02

Problem Characteristics                                 (   Presolved)
-----------------------
Objective goal:  Minimize
Objective type:  general
Number of variables:                                  6 (           6)
    bounded below only:                               0 (           0)
    bounded above only:                               0 (           0)
    bounded below and above:                          0 (           0)
    fixed:                                            0 (           0)
    free:                                             6 (           6)
Number of residuals:                                  8 (           8)
Number of nonzeros in Jacobian:                      48 (          48)
Number of nonzeros in Hessian:                       21 (          21)

  Iter      Objective      FeasError   OptError    ||Step||    CGits 
--------  --------------  ----------  ----------  ----------  -------
       0    3.590575e+00   0.000e+00
Time: 5.408100e-02
Time: 5.407300e-02
Time: 5.406200e-02
Time: 5.405900e-02
Time: 5.407900e-02
Time: 5.408500e-02
Time: 5.405900e-02
Time: 5.407400e-02
Time: 5.653900e-02
Time: 5.445900e-02
Time: 5.440000e-02
Time: 5.407700e-02
Time: 5.406900e-02
Time: 5.408900e-02
Time: 5.407200e-02
Time: 5.407000e-02
Time: 5.407000e-02
Time: 5.406400e-02
Time: 5.406200e-02
Time: 5.406500e-02
Time: 5.406100e-02
Time: 5.406300e-02
Time: 5.406300e-02
Time: 5.407100e-02
Time: 5.407500e-02
Time: 5.407700e-02
Time: 5.407800e-02
Time: 5.408100e-02
Time: 5.407600e-02
Time: 5.405900e-02
Time: 5.405700e-02
Time: 5.407100e-02
Time: 5.407400e-02
Time: 5.406100e-02
Time: 5.406900e-02
Time: 5.405800e-02
Time: 5.407900e-02
Time: 5.406700e-02
Time: 5.406600e-02
Time: 5.407500e-02
Time: 5.405500e-02
Time: 5.406000e-02
Time: 5.406600e-02
Time: 5.405700e-02
Time: 5.406700e-02
Time: 5.406000e-02
Time: 5.407800e-02
Time: 5.407100e-02
Time: 5.417700e-02
Time: 5.409200e-02
Time: 5.407400e-02
Time: 5.406300e-02
Time: 5.406300e-02
Time: 5.406100e-02
Time: 5.407200e-02
Time: 5.405900e-02
Time: 5.405000e-02
Time: 5.405600e-02
Time: 5.407600e-02
Time: 5.406900e-02
Time: 5.407900e-02
Time: 5.407600e-02
Time: 5.406100e-02
Time: 5.407000e-02
Time: 5.406700e-02
Time: 5.405500e-02
Time: 5.406900e-02
Time: 5.406500e-02
Time: 5.407100e-02
Time: 5.406500e-02
Time: 5.405900e-02
Time: 5.406600e-02
Time: 5.406500e-02
Time: 5.406600e-02
Time: 5.407200e-02
Time: 5.407700e-02
Time: 5.406800e-02
Time: 5.407000e-02
Time: 5.406300e-02
Time: 5.406600e-02
Time: 5.407100e-02
Time: 5.406700e-02
Time: 5.406500e-02
Time: 5.406200e-02
Time: 5.407800e-02
Time: 5.408200e-02
Time: 5.406600e-02
Time: 5.406100e-02
Time: 5.407300e-02
Time: 5.406200e-02
Time: 5.406500e-02
Time: 5.406900e-02
Time: 5.406400e-02
Time: 5.407600e-02
Time: 5.408800e-02
Time: 5.407000e-02
Time: 5.406700e-02
Time: 5.407600e-02
Time: 5.406500e-02
Time: 5.407100e-02
Time: 5.407000e-02
Time: 5.406900e-02
Time: 5.406500e-02
Time: 5.407400e-02
Time: 5.406600e-02
Time: 5.406900e-02
Time: 5.405700e-02
Time: 5.406300e-02
Time: 5.406500e-02
Time: 5.406300e-02
Time: 5.407100e-02
Time: 5.411100e-02
Time: 5.407400e-02
Time: 5.406600e-02
Time: 5.406600e-02
Time: 5.407900e-02
Time: 5.407100e-02
Time: 5.406500e-02
Time: 5.405900e-02
Time: 5.407400e-02
Time: 5.406200e-02
Time: 5.407400e-02
Time: 5.406400e-02
Time: 5.406900e-02
Time: 5.408400e-02
Time: 5.407500e-02
Time: 5.406900e-02
Time: 5.407100e-02
Time: 5.407700e-02
Time: 5.406700e-02
Time: 5.407200e-02
Time: 5.406100e-02
Time: 5.406600e-02
Time: 5.407600e-02
Time: 5.405700e-02
Time: 5.406300e-02
Time: 5.406700e-02
Time: 5.406300e-02
Time: 5.406600e-02
Time: 5.406600e-02
      10    9.129366e-01   0.000e+00   6.339e+01   1.043e-07        6
Time: 5.406600e-02
Time: 5.407400e-02
Time: 5.406900e-02
Time: 5.410900e-02
Time: 5.406300e-02
Time: 5.405400e-02
Time: 5.405300e-02
Time: 5.406600e-02
Time: 5.405200e-02
Time: 5.406700e-02
Time: 5.405500e-02
Time: 5.407900e-02
Time: 5.407400e-02
Time: 5.407400e-02
Time: 5.406000e-02
Time: 5.406400e-02
Time: 5.406900e-02
Time: 5.407200e-02
Time: 5.405600e-02
Time: 5.406500e-02
Time: 5.407900e-02
Time: 5.406900e-02
Time: 5.405900e-02
Time: 5.406800e-02
Time: 5.405700e-02
Time: 5.407000e-02
Time: 5.406700e-02
Time: 5.406000e-02
Time: 5.406700e-02
Time: 5.406600e-02
Time: 5.406300e-02
Time: 5.407100e-02
Time: 5.406800e-02
Time: 5.406800e-02
Time: 5.406600e-02
Time: 5.406300e-02
Time: 5.406500e-02
Time: 5.406700e-02
Time: 5.407800e-02
Time: 5.406500e-02
Time: 5.406000e-02
Time: 5.406700e-02
Time: 5.407100e-02
Time: 5.406100e-02
Time: 5.406000e-02
Time: 5.407100e-02
Time: 5.408000e-02
Time: 5.406200e-02
Time: 5.405900e-02
Time: 5.974800e-02
Time: 5.450600e-02
Time: 5.442800e-02
Time: 5.406400e-02
Time: 5.407000e-02
Time: 5.409000e-02
Time: 5.405900e-02
Time: 5.406100e-02
Time: 5.406800e-02
Time: 5.405800e-02
Time: 5.406200e-02
Time: 5.406200e-02
Time: 5.406600e-02
Time: 5.406700e-02
Time: 5.408000e-02
Time: 5.407500e-02
Time: 5.406100e-02
Time: 5.406900e-02
Time: 5.405900e-02
Time: 5.406800e-02
Time: 5.407100e-02
Time: 5.405100e-02
Time: 5.407000e-02
Time: 5.406000e-02
Time: 5.406800e-02
Time: 5.404500e-02
      14    9.129366e-01   0.000e+00   6.339e+01   3.400e-16        2

EXIT: Primal feasible solution; terminate because the relative change in
      solution estimate < xtol for 3 consecutive iterations.

Final Statistics
----------------
Final objective value               =   9.12936628075483e-01
Final feasibility error (abs / rel) =   0.00e+00 / 0.00e+00
Final optimality error  (abs / rel) =   6.34e+01 / 6.34e+01
# of iterations                     =         14 
# of CG iterations                  =         76 
# of residual evaluations           =        223
# of Jacobian evaluations           =          0
Total program time (secs)           =      13.83275 (    13.794 CPU time)
Time spent in evaluations (secs)    =      12.01335

===============================================================================

Knitro failed to solve the problem, status = -101
The returned solution is:
 lambda: 1  1
 sigma:  0.509361136819813  0.412816759713628
 delta:  0.032638530303693  0.039490755438264
 objective fun: 0.912936628075483
